15:24:05.148 [main                     ] DEBUG Logger               - Configured Logger
15:24:05.192 [main                     ] DEBUG GameApplication      - Logging settings
Title: Basic Game App
Version: 0.1
Width: 1100
Height: 600
Fullscreen: false
Intro: false
Profiling: false
Single step:false
App Mode: DEVELOPER
Menu Key: ESCAPE
Stage Style: DECORATED
Scene Factory: class com.almasb.fxgl.app.scene.SceneFactory

15:24:05.661 [JavaFX Application Thread] DEBUG FXGLApplication      - Initializing FXGL
15:24:05.667 [JavaFX Application Thread] INFO  Engine               - FXGL-17.1 (24.03.2022 17.34) on WINDOWS (J:20 FX:17.0.2-ea)
15:24:05.667 [JavaFX Application Thread] DEBUG Engine               - JRE Vendor Name: Oracle Corporation
15:24:05.668 [JavaFX Application Thread] DEBUG Engine               - Running on OS: Windows 11 version 10.0
15:24:05.668 [JavaFX Application Thread] DEBUG Engine               - Architecture: amd64
15:24:05.668 [JavaFX Application Thread] INFO  Engine               - Source code and latest versions at: https://github.com/AlmasB/FXGL
15:24:05.668 [JavaFX Application Thread] INFO  Engine               -       Ask questions and discuss at: https://github.com/AlmasB/FXGL/discussions
15:24:05.669 [JavaFX Application Thread] INFO  Engine               -              Join the FXGL chat at: https://gitter.im/AlmasB/FXGL
15:24:05.761 [JavaFX Application Thread] DEBUG PrimaryStageWindow   - Creating a JavaFX scene
15:24:05.806 [JavaFX Application Thread] DEBUG PrimaryStageWindow   - Target settings size: 1100.0 x 600.0
15:24:05.806 [JavaFX Application Thread] DEBUG PrimaryStageWindow   - Scaled scene size:    1100.0 x 600.0
15:24:05.806 [JavaFX Application Thread] DEBUG PrimaryStageWindow   - Scaled ratio: (1.0, 1.0)
15:24:05.808 [JavaFX Application Thread] DEBUG PrimaryStageWindow   - Set initial scene to FXGLStartupScene
15:24:05.815 [JavaFX Application Thread] DEBUG PrimaryStageWindow   - Opening main window
15:24:05.984 [JavaFX Application Thread] DEBUG PrimaryStageWindow   - Window border size: (16.0, 39.0)
15:24:05.984 [JavaFX Application Thread] DEBUG PrimaryStageWindow   - Scaled size: 1100.0 x 600.0
15:24:05.985 [JavaFX Application Thread] DEBUG PrimaryStageWindow   - Scaled ratio: (1.0, 1.0)
15:24:05.985 [JavaFX Application Thread] DEBUG PrimaryStageWindow   - Scene size: 1100.0 x 600.0
15:24:05.985 [JavaFX Application Thread] DEBUG PrimaryStageWindow   - Stage size: 1116.0 x 639.0
15:24:05.999 [FXGL Background Thread 1 ] DEBUG Engine               - Initializing environment variables
15:24:06.086 [FXGL Background Thread 1 ] DEBUG FXGLAssetLoaderServi - User app class for loading assets: class com.example.pinguin.GameMap
15:24:06.087 [FXGL Background Thread 1 ] DEBUG GameApplicationServi - Applying CSS: fxgl_dark.css
15:24:06.090 [FXGL Background Thread 1 ] DEBUG FXGLAssetLoaderServi - Loading from file system: jar:file:///C:/Users/trent/.m2/repository/com/github/almasb/fxgl/17.1/fxgl-17.1.jar!/fxglassets/ui/css/fxgl_dark.css
15:24:06.178 [FXGL Background Thread 1 ] DEBUG GameApplicationServi - Initializing application scenes
15:24:06.299 [FXGL Background Thread 1 ] DEBUG GameWorld            - Game world initialized
15:24:06.438 [FXGL Background Thread 1 ] DEBUG PhysicsWorld         - Physics world initialized: appHeight=600, physics.ppm=50,0
15:24:06.439 [FXGL Background Thread 1 ] DEBUG PhysicsWorld         - Using strategy: BRUTE_FORCE
15:24:06.447 [FXGL Background Thread 1 ] DEBUG GameScene            - Game scene initialized: 1100x600
15:24:06.461 [FXGL Background Thread 1 ] DEBUG FXGL.DefaultMenu     - createMenuBodyGameMenu()
15:24:06.475 [FXGL Background Thread 1 ] DEBUG FXGL.DefaultMenu     - createOptionsMenu()
15:24:06.489 [FXGL Background Thread 1 ] DEBUG FXGLAssetLoaderServi - Loading from file system: jar:file:///C:/Users/trent/.m2/repository/com/github/almasb/fxgl/17.1/fxgl-17.1.jar!/fxglassets/textures/particles/smoke.png
15:24:06.782 [FXGL Background Thread 1 ] DEBUG FXGLAssetLoaderServi - Loading from file system: jar:file:///C:/Users/trent/.m2/repository/com/github/almasb/fxgl/17.1/fxgl-17.1.jar!/fxglassets/textures/particles/trace_horizontal.png
15:24:06.843 [FXGL Background Thread 1 ] DEBUG GameApplicationServi - Application scenes initialized
15:24:06.882 [FXGL Background Thread 1 ] DEBUG SystemBundleService  - Loading FXGL system data
15:24:06.893 [FXGL Background Thread 1 ] DEBUG FileSystemAccess     - Reading from: C:\Users\trent\OneDrive - Hogeschool Leiden\HBO informatica\se-lol\system\fxgl.bundle
15:24:06.915 [FXGL Background Thread 1 ] DEBUG SystemBundleService  - Bundle FXGL: {}
15:24:06.915 [FXGL Background Thread 1 ] DEBUG UpdaterService       - Checking for updates
15:24:06.926 [FXGL Background Thread 4 ] DEBUG FXGLApplication      - Loading fonts
15:24:06.927 [FXGL Background Thread 1 ] DEBUG FXGLApplication      - Loading default localization
15:24:06.927 [FXGL Background Thread 4 ] DEBUG FXGLAssetLoaderServi - Loading from file system: jar:file:///C:/Users/trent/.m2/repository/com/github/almasb/fxgl/17.1/fxgl-17.1.jar!/fxglassets/ui/fonts/VarelaRound-Regular.ttf
15:24:06.928 [FXGL Background Thread 1 ] DEBUG FXGLAssetLoaderServi - Loading from file system: jar:file:///C:/Users/trent/.m2/repository/com/github/almasb/fxgl/17.1/fxgl-17.1.jar!/fxglassets/languages/english.lang
15:24:07.001 [FXGL Background Thread 1 ] INFO  FXGLApplication      - FXGL initialization took: 1,002 sec
15:24:07.024 [JavaFX Application Thread] DEBUG Input                - Registered new binding: action0 - D
15:24:07.025 [JavaFX Application Thread] DEBUG Input                - Registered new binding: action1 - A
15:24:07.026 [JavaFX Application Thread] DEBUG Input                - Registered new binding: action2 - W
15:24:07.027 [JavaFX Application Thread] DEBUG Input                - Registered new binding: action3 - S
15:24:07.028 [JavaFX Application Thread] DEBUG FXGLAssetLoaderServi - Loading from file system: jar:file:///C:/Users/trent/.m2/repository/com/github/almasb/fxgl/17.1/fxgl-17.1.jar!/fxglassets/textures/fxgl_icon.png
15:24:07.051 [FXGL Background Thread 4 ] DEBUG FXGLAssetLoaderServi - Loading from file system: jar:file:///C:/Users/trent/.m2/repository/com/github/almasb/fxgl/17.1/fxgl-17.1.jar!/fxglassets/ui/fonts/Abel-Regular.ttf
15:24:07.070 [FXGL Background Thread 4 ] DEBUG FXGLAssetLoaderServi - Loading from file system: jar:file:///C:/Users/trent/.m2/repository/com/github/almasb/fxgl/17.1/fxgl-17.1.jar!/fxglassets/ui/fonts/TerminalLandMono-Regular.otf
15:24:07.081 [JavaFX Application Thread] DEBUG FXGLAssetLoaderServi - Loading from file system: jar:file:///C:/Users/trent/.m2/repository/com/github/almasb/fxgl/17.1/fxgl-17.1.jar!/fxglassets/textures/fxgl_default_cursor.png
15:24:07.086 [FXGL Background Thread 4 ] DEBUG FXGLAssetLoaderServi - Loading from file system: jar:file:///C:/Users/trent/.m2/repository/com/github/almasb/fxgl/17.1/fxgl-17.1.jar!/fxglassets/ui/fonts/Courier-Prime.ttf
15:24:07.093 [JavaFX Application Thread] DEBUG Input                - Registered new binding: Screenshot - CTRL+8
15:24:07.096 [JavaFX Application Thread] DEBUG Input                - Registered new binding: System info dump - CTRL+9
15:24:07.097 [JavaFX Application Thread] DEBUG Input                - Registered new binding: Restart - CTRL+R
15:24:07.102 [JavaFX Application Thread] DEBUG Input                - Registered new binding: Toggle Debug Camera - CTRL+7
15:24:07.112 [JavaFX Application Thread] DEBUG LoopRunner           - Starting loop
15:24:07.112 [JavaFX Application Thread] DEBUG LoopRunner           - Initializing JavaFX AnimationTimerLoop
15:24:07.118 [JavaFX Application Thread] DEBUG GameApplicationServi - Starting new game
15:24:07.118 [JavaFX Application Thread] DEBUG Input                - Clearing active input actions
15:24:07.151 [JavaFX Application Thread] DEBUG GameApplicationServi - Removing overlay from FXGLStartupScene and adding to FXGLLoadingScene
15:24:07.152 [JavaFX Application Thread] DEBUG PrimaryStageWindow   - FXGLStartupScene -> FXGLLoadingScene
15:24:07.152 [JavaFX Application Thread] DEBUG GameApplicationServi - Clearing previous game
15:24:07.153 [JavaFX Application Thread] DEBUG GameScene            - Clearing game scene
15:24:07.153 [JavaFX Application Thread] DEBUG GameWorld            - Clearing game world
15:24:07.153 [JavaFX Application Thread] DEBUG PhysicsWorld         - Clearing physics world
15:24:07.160 [FXGL Background Thread 4 ] DEBUG FXGLApplication      - Initializing game
15:24:07.164 [FXGL Background Thread 4 ] WARN  FXGLAssetLoaderServi - Asset "/assets/textures//background_snow" was not found!
15:24:07.165 [FXGL Background Thread 4 ] WARN  FXGLAssetLoaderServi - Failed to load IMAGE
15:24:07.193 [JavaFX Application Thread] DEBUG FXGLApplication      - Registering font factories with UI factory
15:24:07.598 [FXGL Background Thread 4 ] INFO  FXGLApplication      - Game initialization took: 0,439 sec
15:24:07.655 [JavaFX Application Thread] DEBUG Input                - Clearing active input actions
15:24:07.675 [JavaFX Application Thread] DEBUG GameApplicationServi - Removing overlay from FXGLLoadingScene and adding to GameScene
15:24:07.676 [JavaFX Application Thread] DEBUG PrimaryStageWindow   - FXGLLoadingScene -> GameScene
15:24:08.611 [FXGL Background Thread 2 ] INFO  UpdaterService       - Your current version:  17.1
15:24:08.611 [FXGL Background Thread 2 ] INFO  UpdaterService       - Latest stable version: 17.3
15:24:09.922 [FXGL Background Thread 3 ] DEBUG Engine               - Logging environment variables
15:24:09.922 [FXGL Background Thread 3 ] DEBUG Engine               - achievements: []
15:24:09.922 [FXGL Background Thread 3 ] DEBUG Engine               - actualHeight: 600.0
15:24:09.922 [FXGL Background Thread 3 ] DEBUG Engine               - actualHeightProperty: ReadOnlyDoubleProperty [value: 600.0]
15:24:09.922 [FXGL Background Thread 3 ] DEBUG Engine               - actualWidth: 1100.0
15:24:09.922 [FXGL Background Thread 3 ] DEBUG Engine               - actualWidthProperty: ReadOnlyDoubleProperty [value: 1100.0]
15:24:09.922 [FXGL Background Thread 3 ] DEBUG Engine               - appIcon: fxgl_icon.png
15:24:09.922 [FXGL Background Thread 3 ] DEBUG Engine               - applicationMode: DEVELOPER
15:24:09.923 [FXGL Background Thread 3 ] DEBUG Engine               - cSSList: [fxgl_dark.css]
15:24:09.923 [FXGL Background Thread 3 ] DEBUG Engine               - collisionDetectionStrategy: BRUTE_FORCE
15:24:09.923 [FXGL Background Thread 3 ] DEBUG Engine               - configClass: Optional.empty
15:24:09.923 [FXGL Background Thread 3 ] DEBUG Engine               - credits: []
15:24:09.927 [FXGL Background Thread 3 ] DEBUG Engine               - defaultCursor: CursorInfo(imageName=fxgl_default_cursor.png, hotspotX=7.0, hotspotY=6.0)
15:24:09.927 [FXGL Background Thread 3 ] DEBUG Engine               - devBBoxColorProperty: ObjectProperty [value: 0xff0000ff]
15:24:09.927 [FXGL Background Thread 3 ] DEBUG Engine               - devEnableDebugCameraProperty: BooleanProperty [value: false]
15:24:09.928 [FXGL Background Thread 3 ] DEBUG Engine               - devSensorColorProperty: ObjectProperty [value: 0xffff00ff]
15:24:09.928 [FXGL Background Thread 3 ] DEBUG Engine               - devShowBBoxProperty: BooleanProperty [value: false]
15:24:09.928 [FXGL Background Thread 3 ] DEBUG Engine               - devShowPositionProperty: BooleanProperty [value: false]
15:24:09.928 [FXGL Background Thread 3 ] DEBUG Engine               - enabledMenuItems: []
15:24:09.928 [FXGL Background Thread 3 ] DEBUG Engine               - engineServices: [class com.almasb.fxgl.app.services.FXGLAssetLoaderService, class com.almasb.fxgl.app.FXGLApplication$GameApplicationService, class com.almasb.fxgl.app.services.FXGLDialogService, class com.almasb.fxgl.app.services.IOTaskExecutorService, class com.almasb.fxgl.io.FileSystemService, class com.almasb.fxgl.localization.LocalizationService, class com.almasb.fxgl.app.services.SystemBundleService, class com.almasb.fxgl.profile.SaveLoadService, class com.almasb.fxgl.ui.FXGLUIFactoryServiceProvider, class com.almasb.fxgl.ui.FXGLDialogFactoryServiceProvider, class com.almasb.fxgl.audio.AudioPlayer, class com.almasb.fxgl.notification.impl.NotificationServiceProvider, class com.almasb.fxgl.achievement.AchievementService, class com.almasb.fxgl.cutscene.CutsceneService, class com.almasb.fxgl.minigames.MiniGameService, class com.almasb.fxgl.net.NetService, class com.almasb.fxgl.app.services.UpdaterService, class com.almasb.fxgl.dev.DevService]
15:24:09.928 [FXGL Background Thread 3 ] DEBUG Engine               - fontGame: Abel-Regular.ttf
15:24:09.928 [FXGL Background Thread 3 ] DEBUG Engine               - fontMono: TerminalLandMono-Regular.otf
15:24:09.928 [FXGL Background Thread 3 ] DEBUG Engine               - fontText: Courier-Prime.ttf
15:24:09.928 [FXGL Background Thread 3 ] DEBUG Engine               - fontUI: VarelaRound-Regular.ttf
15:24:09.928 [FXGL Background Thread 3 ] DEBUG Engine               - fullScreen: BooleanProperty [value: false]
15:24:09.928 [FXGL Background Thread 3 ] DEBUG Engine               - gameDifficulty: MEDIUM
15:24:09.929 [FXGL Background Thread 3 ] DEBUG Engine               - gameDifficultyProperty: ObjectProperty [value: MEDIUM]
15:24:09.929 [FXGL Background Thread 3 ] DEBUG Engine               - globalMusicVolume: 0.5
15:24:09.929 [FXGL Background Thread 3 ] DEBUG Engine               - globalMusicVolumeProperty: DoubleProperty [value: 0.5]
15:24:09.929 [FXGL Background Thread 3 ] DEBUG Engine               - globalSoundVolume: 0.5
15:24:09.929 [FXGL Background Thread 3 ] DEBUG Engine               - globalSoundVolumeProperty: DoubleProperty [value: 0.5]
15:24:09.929 [FXGL Background Thread 3 ] DEBUG Engine               - height: 600
15:24:09.929 [FXGL Background Thread 3 ] DEBUG Engine               - is3D: false
15:24:09.929 [FXGL Background Thread 3 ] DEBUG Engine               - isAndroid: false
15:24:09.929 [FXGL Background Thread 3 ] DEBUG Engine               - isBrowser: false
15:24:09.929 [FXGL Background Thread 3 ] DEBUG Engine               - isClickFeedbackEnabled: false
15:24:09.929 [FXGL Background Thread 3 ] DEBUG Engine               - isCloseConfirmation: false
15:24:09.929 [FXGL Background Thread 3 ] DEBUG Engine               - isDesktop: true
15:24:09.929 [FXGL Background Thread 3 ] DEBUG Engine               - isDeveloperMenuEnabled: false
15:24:09.929 [FXGL Background Thread 3 ] DEBUG Engine               - isEmbedded: false
15:24:09.929 [FXGL Background Thread 3 ] DEBUG Engine               - isEntityPreloadEnabled: true
15:24:09.929 [FXGL Background Thread 3 ] DEBUG Engine               - isExperimentalTiledLargeMap: false
15:24:09.930 [FXGL Background Thread 3 ] DEBUG Engine               - isFileSystemWriteAllowed: true
15:24:09.930 [FXGL Background Thread 3 ] DEBUG Engine               - isFullScreenAllowed: false
15:24:09.930 [FXGL Background Thread 3 ] DEBUG Engine               - isFullScreenFromStart: false
15:24:09.930 [FXGL Background Thread 3 ] DEBUG Engine               - isGameMenuEnabled: true
15:24:09.930 [FXGL Background Thread 3 ] DEBUG Engine               - isIOS: false
15:24:09.930 [FXGL Background Thread 3 ] DEBUG Engine               - isIntroEnabled: false
15:24:09.930 [FXGL Background Thread 3 ] DEBUG Engine               - isLinux: false
15:24:09.930 [FXGL Background Thread 3 ] DEBUG Engine               - isMac: false
15:24:09.930 [FXGL Background Thread 3 ] DEBUG Engine               - isMainMenuEnabled: false
15:24:09.930 [FXGL Background Thread 3 ] DEBUG Engine               - isManualResizeEnabled: false
15:24:09.930 [FXGL Background Thread 3 ] DEBUG Engine               - isMobile: false
15:24:09.930 [FXGL Background Thread 3 ] DEBUG Engine               - isNative: false
15:24:09.930 [FXGL Background Thread 3 ] DEBUG Engine               - isPauseMusicWhenMinimized: true
15:24:09.930 [FXGL Background Thread 3 ] DEBUG Engine               - isPreserveResizeRatio: false
15:24:09.930 [FXGL Background Thread 3 ] DEBUG Engine               - isProfilingEnabled: false
15:24:09.930 [FXGL Background Thread 3 ] DEBUG Engine               - isScaleAffectedOnResize: true
15:24:09.930 [FXGL Background Thread 3 ] DEBUG Engine               - isSingleStep: false
15:24:09.930 [FXGL Background Thread 3 ] DEBUG Engine               - isUserProfileEnabled: false
15:24:09.931 [FXGL Background Thread 3 ] DEBUG Engine               - isWindows: true
15:24:09.931 [FXGL Background Thread 3 ] DEBUG Engine               - language: ObjectProperty [value: ENGLISH]
15:24:09.931 [FXGL Background Thread 3 ] DEBUG Engine               - menuKey: ESCAPE
15:24:09.931 [FXGL Background Thread 3 ] DEBUG Engine               - mouseSensitivity: 0.2
15:24:09.931 [FXGL Background Thread 3 ] DEBUG Engine               - notificationViewClass: class com.almasb.fxgl.notification.view.XboxNotificationView
15:24:09.931 [FXGL Background Thread 3 ] DEBUG Engine               - pixelsPerMeter: 50.0
15:24:09.931 [FXGL Background Thread 3 ] DEBUG Engine               - platform: WINDOWS
15:24:09.931 [FXGL Background Thread 3 ] DEBUG Engine               - prefHeightProperty: ReadOnlyDoubleProperty [value: 600.0]
15:24:09.931 [FXGL Background Thread 3 ] DEBUG Engine               - prefWidthProperty: ReadOnlyDoubleProperty [value: 1100.0]
15:24:09.931 [FXGL Background Thread 3 ] DEBUG Engine               - profileDir: profiles/
15:24:09.931 [FXGL Background Thread 3 ] DEBUG Engine               - profileName: StringProperty [value: DEFAULT]
15:24:09.931 [FXGL Background Thread 3 ] DEBUG Engine               - randomSeed: -1
15:24:09.934 [FXGL Background Thread 3 ] DEBUG Engine               - runtimeInfo: RuntimeInfo(platform=WINDOWS, version=17.1, build=24.03.2022 17.34)
15:24:09.934 [FXGL Background Thread 3 ] DEBUG Engine               - saveFileExt: sav
15:24:09.934 [FXGL Background Thread 3 ] DEBUG Engine               - scaledHeightProp$fxgl: DoubleProperty [bound, value: 600.0]
15:24:09.934 [FXGL Background Thread 3 ] DEBUG Engine               - scaledWidthProp$fxgl: DoubleProperty [bound, value: 1100.0]
15:24:09.934 [FXGL Background Thread 3 ] DEBUG Engine               - sceneFactory: com.almasb.fxgl.app.scene.SceneFactory@394bd03f
15:24:09.934 [FXGL Background Thread 3 ] DEBUG Engine               - secondsIn24h: 60
15:24:09.934 [FXGL Background Thread 3 ] DEBUG Engine               - soundMenuBack: menu/back.wav
15:24:09.934 [FXGL Background Thread 3 ] DEBUG Engine               - soundMenuPress: menu/press.wav
15:24:09.934 [FXGL Background Thread 3 ] DEBUG Engine               - soundMenuSelect: menu/select.wav
15:24:09.934 [FXGL Background Thread 3 ] DEBUG Engine               - soundNotification: core/notification.wav
15:24:09.934 [FXGL Background Thread 3 ] DEBUG Engine               - stageStyle: DECORATED
15:24:09.934 [FXGL Background Thread 3 ] DEBUG Engine               - supportedLanguages: [ENGLISH, FRENCH, GERMAN, HUNGARIAN, RUSSIAN]
15:24:09.934 [FXGL Background Thread 3 ] DEBUG Engine               - ticksPerSecond: -1
15:24:09.934 [FXGL Background Thread 3 ] DEBUG Engine               - title: Basic Game App
15:24:09.934 [FXGL Background Thread 3 ] DEBUG Engine               - urlGithub: https://github.com/AlmasB/FXGL
15:24:09.934 [FXGL Background Thread 3 ] DEBUG Engine               - urlLeaderboard: http://fxgl-top.herokuapp.com/
15:24:09.934 [FXGL Background Thread 3 ] DEBUG Engine               - urlPOM: https://raw.githubusercontent.com/AlmasB/FXGL/release/README.md
15:24:09.934 [FXGL Background Thread 3 ] DEBUG Engine               - userAppClass: class com.example.pinguin.GameMap
15:24:09.935 [FXGL Background Thread 3 ] DEBUG Engine               - version: 0.1
15:24:09.935 [FXGL Background Thread 3 ] DEBUG Engine               - versionCheckDays: 7
15:24:09.935 [FXGL Background Thread 3 ] DEBUG Engine               - width: 1100
15:24:09.935 [FXGL Background Thread 3 ] DEBUG Engine               - Logging services
15:24:09.935 [FXGL Background Thread 3 ] DEBUG Engine               - class com.almasb.fxgl.app.services.FXGLAssetLoaderService
15:24:09.935 [FXGL Background Thread 3 ] DEBUG Engine               - class com.almasb.fxgl.app.FXGLApplication$GameApplicationService
15:24:09.935 [FXGL Background Thread 3 ] DEBUG Engine               - class com.almasb.fxgl.app.services.FXGLDialogService
15:24:09.935 [FXGL Background Thread 3 ] DEBUG Engine               - class com.almasb.fxgl.app.services.IOTaskExecutorService
15:24:09.935 [FXGL Background Thread 3 ] DEBUG Engine               - class com.almasb.fxgl.io.FileSystemService
15:24:09.935 [FXGL Background Thread 3 ] DEBUG Engine               - class com.almasb.fxgl.localization.LocalizationService
15:24:09.935 [FXGL Background Thread 3 ] DEBUG Engine               - class com.almasb.fxgl.app.services.SystemBundleService
15:24:09.935 [FXGL Background Thread 3 ] DEBUG Engine               - class com.almasb.fxgl.profile.SaveLoadService
15:24:09.935 [FXGL Background Thread 3 ] DEBUG Engine               - class com.almasb.fxgl.ui.FXGLUIFactoryServiceProvider
15:24:09.935 [FXGL Background Thread 3 ] DEBUG Engine               - class com.almasb.fxgl.ui.FXGLDialogFactoryServiceProvider
15:24:09.935 [FXGL Background Thread 3 ] DEBUG Engine               - class com.almasb.fxgl.audio.AudioPlayer
15:24:09.935 [FXGL Background Thread 3 ] DEBUG Engine               - class com.almasb.fxgl.notification.impl.NotificationServiceProvider
15:24:09.935 [FXGL Background Thread 3 ] DEBUG Engine               - class com.almasb.fxgl.achievement.AchievementService
15:24:09.935 [FXGL Background Thread 3 ] DEBUG Engine               - class com.almasb.fxgl.cutscene.CutsceneService
15:24:09.935 [FXGL Background Thread 3 ] DEBUG Engine               - class com.almasb.fxgl.minigames.MiniGameService
15:24:09.935 [FXGL Background Thread 3 ] DEBUG Engine               - class com.almasb.fxgl.net.NetService
15:24:09.935 [FXGL Background Thread 3 ] DEBUG Engine               - class com.almasb.fxgl.app.services.UpdaterService
15:24:09.935 [FXGL Background Thread 3 ] DEBUG Engine               - class com.almasb.fxgl.dev.DevService
15:24:29.159 [JavaFX Application Thread] DEBUG FXGLApplication      - Exiting FXGL
15:24:29.160 [JavaFX Application Thread] DEBUG LoopRunner           - Stopping loop
15:24:29.160 [JavaFX Application Thread] DEBUG SystemBundleService  - Saving FXGL system data
15:24:29.163 [JavaFX Application Thread] DEBUG FileSystemAccess     - Writing to: C:\Users\trent\OneDrive - Hogeschool Leiden\HBO informatica\se-lol\system\fxgl.bundle
15:24:29.167 [JavaFX Application Thread] DEBUG Async                - Shutting down background threads
15:24:29.167 [JavaFX Application Thread] DEBUG PrimaryStageWindow   - Closing main window
15:24:29.218 [JavaFX Application Thread] DEBUG Logger               - Closing Logger
